[master] start master...
[worker] start worker ...2
worker2
1452584746680 'Express server listening on port 8989'
[master] listening: worker2,pid:7091, Address:0.0.0.0:8989
[worker] start worker ...1
worker1
1452584746693 'Express server listening on port 8989'
[master] listening: worker1,pid:7089, Address:0.0.0.0:8989
[worker] start worker ...3
worker3
1452584746703 'Express server listening on port 8989'
[master] listening: worker3,pid:7093, Address:0.0.0.0:8989
[worker] start worker ...4
worker4
1452584746717 'Express server listening on port 8989'
[master] listening: worker4,pid:7095, Address:0.0.0.0:8989
[0mGET / [32m200 [0m7.316 ms - 1181[0m
[0mGET /css/main.css [32m200 [0m4.527 ms - 4850[0m
[0mGET /css/bootstrap.min.css [32m200 [0m2.546 ms - 117263[0m
[master] start master...
[worker] start worker ...3
worker3
1452584878975 'Express server listening on port 8989'
[master] listening: worker3,pid:7226, Address:0.0.0.0:8989
[worker] start worker ...4
worker4
1452584878985 'Express server listening on port 8989'
[master] listening: worker4,pid:7228, Address:0.0.0.0:8989
[worker] start worker ...1
worker1
1452584879003 'Express server listening on port 8989'
[master] listening: worker1,pid:7222, Address:0.0.0.0:8989
[worker] start worker ...2
worker2
1452584879011 'Express server listening on port 8989'
[master] listening: worker2,pid:7224, Address:0.0.0.0:8989
[0mGET / [36m304 [0m7.516 ms - -[0m
[0mGET /css/bootstrap.min.css [36m304 [0m1.337 ms - -[0m
[0mGET /css/main.css [36m304 [0m3.659 ms - -[0m
[0mGET /css/straw.ico [32m200 [0m2.314 ms - 1150[0m
[0mGET / [36m304 [0m5.324 ms - -[0m
[0mGET /css/bootstrap.min.css [36m304 [0m0.320 ms - -[0m
[0mGET /css/main.css [36m304 [0m0.458 ms - -[0m
[0mGET /css/straw.ico [32m200 [0m2.158 ms - 1150[0m
[0mGET /favicon.ico [0m- [0m- ms - -[0m
[0mGET /favicon.ico [0m- [0m- ms - -[0m
[0mGET / [32m200 [0m1.423 ms - 1222[0m
[0mGET /css/bootstrap.min.css [32m200 [0m0.626 ms - 117263[0m
[0mGET /css/main.css [32m200 [0m0.321 ms - 4850[0m
[0mGET /js/index.js [32m200 [0m0.395 ms - 2559[0m
[0mGET /js/font_select.js [32m200 [0m1.186 ms - 2940[0m
[0mGET /js/UILoading.js [32m200 [0m0.559 ms - 1657[0m
[0mGET /loadFontlist [32m200 [0m1.061 ms - 2[0m
dd.ttf
[0mGET /css/glyphicons-halflings-regular.woff2 [32m200 [0m0.664 ms - 18028[0m
codecsv uploaded to  public/fonts/dd.ttf
{ codecsv: 
   { fieldname: 'codecsv',
     originalname: 'dd.ttf',
     name: 'dd.ttf',
     encoding: '7bit',
     mimetype: 'application/octet-stream',
     path: 'public/fonts/dd.ttf',
     extension: 'ttf',
     size: 3747209,
     truncated: false,
     buffer: null } }
[0mPOST /uploadFiels?_=1452587539434 [32m200 [0m1.960 ms - -[0m
[0mGET /loadFontlist [32m200 [0m0.696 ms - 10[0m
[0mGET / [36m304 [0m0.930 ms - -[0m
[0mGET /css/bootstrap.min.css [36m304 [0m0.242 ms - -[0m
[0mGET /css/main.css [36m304 [0m0.200 ms - -[0m
[0mGET /css/straw.ico [32m200 [0m0.345 ms - 1150[0m
[0mGET /loadFontlist [36m304 [0m0.572 ms - -[0m
[0mGET /css/glyphicons-halflings-regular.woff2 [36m304 [0m0.926 ms - -[0m
[0mPOST /strawFont [0m- [0m- ms - -[0m
[0mPOST /strawFont [0m- [0m- ms - -[0m
[0mGET / [36m304 [0m7.305 ms - -[0m
[0mGET /css/bootstrap.min.css [36m304 [0m1.343 ms - -[0m
[0mGET /css/main.css [36m304 [0m3.415 ms - -[0m
[0mGET /css/straw.ico [32m200 [0m2.021 ms - 1150[0m
[0mGET /loadFontlist [36m304 [0m2.547 ms - -[0m
[0mGET /css/glyphicons-halflings-regular.woff2 [36m304 [0m0.484 ms - -[0m
[0mPOST /strawFont [0m- [0m- ms - -[0m
[0mPOST /strawFont [0m- [0m- ms - -[0m
[0mPOST /strawFont [0m- [0m- ms - -[0m
[0mGET / [36m304 [0m1.288 ms - -[0m
[0mGET /css/bootstrap.min.css [36m304 [0m0.210 ms - -[0m
[0mGET /css/main.css [36m304 [0m0.267 ms - -[0m
[0mGET /css/straw.ico [32m200 [0m0.778 ms - 1150[0m
[0mGET /loadFontlist [36m304 [0m1.041 ms - -[0m
[0mGET /css/glyphicons-halflings-regular.woff2 [36m304 [0m0.267 ms - -[0m
[0mPOST /strawFont [0m- [0m- ms - -[0m
[master] start master...
[worker] start worker ...1
worker1
1452759586525 'Express server listening on port 8989'
[master] listening: worker1,pid:1078, Address:0.0.0.0:8989
[worker] start worker ...3
worker3
1452759586543 'Express server listening on port 8989'
[master] listening: worker3,pid:1082, Address:0.0.0.0:8989
[worker] start worker ...2
worker2
1452759586548 'Express server listening on port 8989'
[master] listening: worker2,pid:1080, Address:0.0.0.0:8989
[worker] start worker ...4
worker4
1452759586557 'Express server listening on port 8989'
[master] listening: worker4,pid:1084, Address:0.0.0.0:8989
[master] start master...
[worker] start worker ...3
[worker] start worker ...1
worker3
1459840287552 'Express server listening on port 8989'
worker1
[master] listening: worker3,pid:15882, Address:null:8989
1459840287553 'Express server listening on port 8989'
[master] listening: worker1,pid:15880, Address:null:8989
[worker] start worker ...2
worker2
1459840287567 'Express server listening on port 8989'
[master] listening: worker2,pid:15881, Address:null:8989
[worker] start worker ...4
worker4
1459840287598 'Express server listening on port 8989'
[master] listening: worker4,pid:15883, Address:null:8989
[0mGET / [32m200 [0m10.993 ms - 1222[0m
[0mGET /css/bootstrap.min.css [32m200 [0m9.753 ms - 117263[0m
[0mGET /css/main.css [32m200 [0m12.352 ms - 4850[0m
[0mGET /js/index.js [32m200 [0m2.972 ms - 2559[0m
[0mGET /js/font_select.js [32m200 [0m8.798 ms - 2940[0m
[0mGET /js/UILoading.js [32m200 [0m9.113 ms - 1657[0m
[0mGET /loadFontlist [32m200 [0m9.436 ms - 10[0m
[0mGET /css/glyphicons-halflings-regular.woff2 [32m200 [0m3.337 ms - 18028[0m
